<?xml version="1.0" encoding="UTF-8"?>
<!-- Generated by org.testng.reporters.JUnitReportReporter -->
<testsuite skipped="0" hostname="emupc" name="com.qa.tests.DemoTest1" tests="2" failures="0" timestamp="12 Oct 2018 21:47:55 GMT" time="0.004" errors="0">
  <testcase name="SUM1" time="0.003" classname="com.qa.tests.DemoTest1"/>
  <testcase name="SUB1" time="0.001" classname="com.qa.tests.DemoTest1"/>
</testsuite> <!-- com.qa.tests.DemoTest1 -->
