<?xml version="1.0" encoding="UTF-8"?>
<!-- Generated by org.testng.reporters.JUnitReportReporter -->
<testsuite skipped="0" hostname="emupc" name="com.qa.tests.DemoTest" tests="2" failures="0" timestamp="12 Oct 2018 21:47:55 GMT" time="0.014" errors="0">
  <testcase name="SUM" time="0.001" classname="com.qa.tests.DemoTest"/>
  <testcase name="SUB" time="0.013" classname="com.qa.tests.DemoTest"/>
</testsuite> <!-- com.qa.tests.DemoTest -->
